2021-05-21T01:13:02.765355Z [STDERR] Creating network "github-for-jira-default-04c7fb1f_default" with the default driver
2021-05-21T01:13:07.052677Z [STDERR] Creating github-for-jira-default-04c7fb1f_nebulae.postgres-db.database_1 ... 
2021-05-21T01:13:07.055646Z [STDERR] Creating github-for-jira-default-04c7fb1f_nebulae.redis.cache_1          ... 
2021-05-21T01:13:11.536508Z [STDERR] Creating github-for-jira-default-04c7fb1f_nebulae.postgres-db.database_1 ... done
2021-05-21T01:13:12.827416Z [STDERR] Creating github-for-jira-default-04c7fb1f_nebulae.redis.cache_1          ... done
2021-05-21T01:13:12.841737Z [STDOUT] Docker Compose is now in the Docker CLI, try `docker compose up`
2021-05-21T01:13:12.841826Z [STDOUT] 
2021-05-21T01:13:13.505988Z [STDOUT] Attaching to github-for-jira-default-04c7fb1f_nebulae.postgres-db.database_1, github-for-jira-default-04c7fb1f_nebulae.redis.cache_1
2021-05-21T01:13:13.506158Z [STDOUT] [36mnebulae.postgres-db.database_1  |[0m The files belonging to this database system will be owned by user "postgres".
2021-05-21T01:13:13.506211Z [STDOUT] [36mnebulae.postgres-db.database_1  |[0m This user must also own the server process.
2021-05-21T01:13:13.506294Z [STDOUT] [36mnebulae.postgres-db.database_1  |[0m 
2021-05-21T01:13:13.506396Z [STDOUT] [36mnebulae.postgres-db.database_1  |[0m The database cluster will be initialized with locale "en_US.utf8".
2021-05-21T01:13:13.506505Z [STDOUT] [36mnebulae.postgres-db.database_1  |[0m The default database encoding has accordingly been set to "UTF8".
2021-05-21T01:13:13.506669Z [STDOUT] [36mnebulae.postgres-db.database_1  |[0m The default text search configuration will be set to "english".
2021-05-21T01:13:13.506720Z [STDOUT] [36mnebulae.postgres-db.database_1  |[0m 
2021-05-21T01:13:13.506774Z [STDOUT] [36mnebulae.postgres-db.database_1  |[0m Data page checksums are disabled.
2021-05-21T01:13:13.506819Z [STDOUT] [36mnebulae.postgres-db.database_1  |[0m 
2021-05-21T01:13:13.508337Z [STDOUT] [36mnebulae.postgres-db.database_1  |[0m fixing permissions on existing directory /var/lib/postgresql/data ... ok
2021-05-21T01:13:13.508411Z [STDOUT] [36mnebulae.postgres-db.database_1  |[0m creating subdirectories ... ok
2021-05-21T01:13:13.508439Z [STDOUT] [36mnebulae.postgres-db.database_1  |[0m selecting default max_connections ... 100
2021-05-21T01:13:13.508462Z [STDOUT] [36mnebulae.postgres-db.database_1  |[0m selecting default shared_buffers ... 128MB
2021-05-21T01:13:13.508550Z [STDOUT] [36mnebulae.postgres-db.database_1  |[0m selecting dynamic shared memory implementation ... posix
2021-05-21T01:13:13.508614Z [STDOUT] [36mnebulae.postgres-db.database_1  |[0m creating configuration files ... ok
2021-05-21T01:13:13.508648Z [STDOUT] [36mnebulae.postgres-db.database_1  |[0m running bootstrap script ... ok
2021-05-21T01:13:13.508713Z [STDOUT] [36mnebulae.postgres-db.database_1  |[0m performing post-bootstrap initialization ... ok
2021-05-21T01:13:13.508760Z [STDOUT] [36mnebulae.postgres-db.database_1  |[0m syncing data to disk ... ok
2021-05-21T01:13:13.508789Z [STDOUT] [36mnebulae.postgres-db.database_1  |[0m 
2021-05-21T01:13:13.508812Z [STDOUT] [36mnebulae.postgres-db.database_1  |[0m 
2021-05-21T01:13:13.508837Z [STDOUT] [36mnebulae.postgres-db.database_1  |[0m Success. You can now start the database server using:
2021-05-21T01:13:13.508860Z [STDOUT] [36mnebulae.postgres-db.database_1  |[0m WARNING: enabling "trust" authentication for local connections
2021-05-21T01:13:13.508950Z [STDOUT] [36mnebulae.postgres-db.database_1  |[0m 
2021-05-21T01:13:13.509015Z [STDOUT] [36mnebulae.postgres-db.database_1  |[0m You can change this by editing pg_hba.conf or using the option -A, or
2021-05-21T01:13:13.509042Z [STDOUT] [36mnebulae.postgres-db.database_1  |[0m     pg_ctl -D /var/lib/postgresql/data -l logfile start
2021-05-21T01:13:13.509067Z [STDOUT] [36mnebulae.postgres-db.database_1  |[0m --auth-local and --auth-host, the next time you run initdb.
2021-05-21T01:13:13.509091Z [STDOUT] [36mnebulae.postgres-db.database_1  |[0m 
2021-05-21T01:13:13.509137Z [STDOUT] [33mnebulae.redis.cache_1           |[0m [1] 21 May 01:13:12.885 # Warning: no config file specified, using the default config. In order to specify a config file use redis-server /path/to/redis.conf
2021-05-21T01:13:13.509163Z [STDOUT] [33mnebulae.redis.cache_1           |[0m                 _._                                                  
2021-05-21T01:13:13.509184Z [STDOUT] [33mnebulae.redis.cache_1           |[0m            _.-``__ ''-._                                             
2021-05-21T01:13:13.509202Z [STDOUT] [33mnebulae.redis.cache_1           |[0m       _.-``    `.  `_.  ''-._           Redis 2.8.23 (00000000/0) 64 bit
2021-05-21T01:13:13.509222Z [STDOUT] [33mnebulae.redis.cache_1           |[0m   .-`` .-```.  ```\/    _.,_ ''-._                                   
2021-05-21T01:13:13.509243Z [STDOUT] [33mnebulae.redis.cache_1           |[0m  (    '      ,       .-`  | `,    )     Running in stand alone mode
2021-05-21T01:13:13.509262Z [STDOUT] [33mnebulae.redis.cache_1           |[0m  |`-._`-...-` __...-.``-._|'` _.-'|     Port: 6379
2021-05-21T01:13:13.509282Z [STDOUT] [33mnebulae.redis.cache_1           |[0m  |    `-._   `._    /     _.-'    |     PID: 1
2021-05-21T01:13:13.509303Z [STDOUT] [33mnebulae.redis.cache_1           |[0m   `-._    `-._  `-./  _.-'    _.-'                                   
2021-05-21T01:13:13.509321Z [STDOUT] [33mnebulae.redis.cache_1           |[0m  |`-._`-._    `-.__.-'    _.-'_.-'|                                  
2021-05-21T01:13:13.509342Z [STDOUT] [33mnebulae.redis.cache_1           |[0m  |    `-._`-._        _.-'_.-'    |           http://redis.io        
2021-05-21T01:13:13.509363Z [STDOUT] [33mnebulae.redis.cache_1           |[0m   `-._    `-._`-.__.-'_.-'    _.-'                                   
2021-05-21T01:13:13.509382Z [STDOUT] [33mnebulae.redis.cache_1           |[0m  |`-._`-._    `-.__.-'    _.-'_.-'|                                  
2021-05-21T01:13:13.509402Z [STDOUT] [33mnebulae.redis.cache_1           |[0m  |    `-._`-._        _.-'_.-'    |                                  
2021-05-21T01:13:13.509422Z [STDOUT] [33mnebulae.redis.cache_1           |[0m   `-._    `-._`-.__.-'_.-'    _.-'                                   
2021-05-21T01:13:13.509441Z [STDOUT] [33mnebulae.redis.cache_1           |[0m       `-._    `-.__.-'    _.-'                                       
2021-05-21T01:13:13.509461Z [STDOUT] [33mnebulae.redis.cache_1           |[0m           `-._        _.-'                                           
2021-05-21T01:13:13.509481Z [STDOUT] [33mnebulae.redis.cache_1           |[0m               `-.__.-'                                               
2021-05-21T01:13:13.509499Z [STDOUT] [33mnebulae.redis.cache_1           |[0m 
2021-05-21T01:13:13.509520Z [STDOUT] [33mnebulae.redis.cache_1           |[0m [1] 21 May 01:13:12.887 # Server started, Redis version 2.8.23
2021-05-21T01:13:13.509540Z [STDOUT] [33mnebulae.redis.cache_1           |[0m [1] 21 May 01:13:12.887 # WARNING you have Transparent Huge Pages (THP) support enabled in your kernel. This will create latency and memory usage issues with Redis. To fix this issue run the command 'echo never > /sys/kernel/mm/transparent_hugepage/enabled' as root, and add it to your /etc/rc.local in order to retain the setting after a reboot. Redis must be restarted after THP is disabled.
2021-05-21T01:13:13.509564Z [STDOUT] [33mnebulae.redis.cache_1           |[0m [1] 21 May 01:13:12.887 * The server is now ready to accept connections on port 6379
2021-05-21T01:13:13.540009Z [STDOUT] [36mnebulae.postgres-db.database_1  |[0m waiting for server to start....LOG:  database system was shut down at 2021-05-21 01:13:13 UTC
2021-05-21T01:13:13.541865Z [STDOUT] [36mnebulae.postgres-db.database_1  |[0m LOG:  MultiXact member wraparound protections are now enabled
2021-05-21T01:13:13.545004Z [STDOUT] [36mnebulae.postgres-db.database_1  |[0m LOG:  database system is ready to accept connections
2021-05-21T01:13:13.545413Z [STDOUT] [36mnebulae.postgres-db.database_1  |[0m LOG:  autovacuum launcher started
2021-05-21T01:13:14.525927Z [STDOUT] [36mnebulae.postgres-db.database_1  |[0m  done
2021-05-21T01:13:14.526028Z [STDOUT] [36mnebulae.postgres-db.database_1  |[0m server started
2021-05-21T01:13:14.912485Z [STDOUT] [36mnebulae.postgres-db.database_1  |[0m CREATE DATABASE
2021-05-21T01:13:14.914307Z [STDOUT] [36mnebulae.postgres-db.database_1  |[0m 
2021-05-21T01:13:14.914445Z [STDOUT] [36mnebulae.postgres-db.database_1  |[0m 
2021-05-21T01:13:14.915158Z [STDOUT] [36mnebulae.postgres-db.database_1  |[0m /usr/local/bin/docker-entrypoint.sh: ignoring /docker-entrypoint-initdb.d/*
2021-05-21T01:13:14.915229Z [STDOUT] [36mnebulae.postgres-db.database_1  |[0m 
2021-05-21T01:13:14.924702Z [STDOUT] [36mnebulae.postgres-db.database_1  |[0m waiting for server to shut down...LOG:  received fast shutdown request
2021-05-21T01:13:14.924820Z [STDOUT] [36mnebulae.postgres-db.database_1  |[0m .LOG:  aborting any active transactions
2021-05-21T01:13:14.924933Z [STDOUT] [36mnebulae.postgres-db.database_1  |[0m LOG:  autovacuum launcher shutting down
2021-05-21T01:13:14.927449Z [STDOUT] [36mnebulae.postgres-db.database_1  |[0m LOG:  shutting down
2021-05-21T01:13:14.941624Z [STDOUT] [36mnebulae.postgres-db.database_1  |[0m LOG:  database system is shut down
2021-05-21T01:13:15.926451Z [STDOUT] [36mnebulae.postgres-db.database_1  |[0m  done
2021-05-21T01:13:15.926659Z [STDOUT] [36mnebulae.postgres-db.database_1  |[0m server stopped
2021-05-21T01:13:15.927946Z [STDOUT] [36mnebulae.postgres-db.database_1  |[0m 
2021-05-21T01:13:15.928063Z [STDOUT] [36mnebulae.postgres-db.database_1  |[0m PostgreSQL init process complete; ready for start up.
2021-05-21T01:13:15.928143Z [STDOUT] [36mnebulae.postgres-db.database_1  |[0m 
2021-05-21T01:13:15.957471Z [STDOUT] [36mnebulae.postgres-db.database_1  |[0m LOG:  database system was shut down at 2021-05-21 01:13:14 UTC
2021-05-21T01:13:15.959559Z [STDOUT] [36mnebulae.postgres-db.database_1  |[0m LOG:  MultiXact member wraparound protections are now enabled
2021-05-21T01:13:15.963551Z [STDOUT] [36mnebulae.postgres-db.database_1  |[0m LOG:  autovacuum launcher started
2021-05-21T01:13:15.963695Z [STDOUT] [36mnebulae.postgres-db.database_1  |[0m LOG:  database system is ready to accept connections
2021-05-21T01:13:16.588054Z [STDERR] github-for-jira-default-04c7fb1f_nebulae.postgres-db.database_1 is up-to-date
2021-05-21T01:13:16.588387Z [STDERR] github-for-jira-default-04c7fb1f_nebulae.redis.cache_1 is up-to-date
2021-05-21T01:13:16.596873Z [STDERR] Creating github-for-jira-default-04c7fb1f_platform-statsd_1 ... 
2021-05-21T01:13:20.938661Z [STDERR] Creating github-for-jira-default-04c7fb1f_platform-statsd_1 ... done
2021-05-21T01:13:20.952209Z [STDERR] Creating github-for-jira-default-04c7fb1f_microservice_1    ... 
2021-05-21T01:13:24.276561Z [STDERR] Creating github-for-jira-default-04c7fb1f_microservice_1    ... done
2021-05-21T01:13:24.285667Z [STDOUT] Docker Compose is now in the Docker CLI, try `docker compose up`
2021-05-21T01:13:24.285801Z [STDOUT] 
2021-05-21T01:13:25.267598Z [STDOUT] Attaching to github-for-jira-default-04c7fb1f_microservice_1, github-for-jira-default-04c7fb1f_platform-statsd_1
2021-05-21T01:13:25.267718Z [STDOUT] [33mplatform-statsd_1               |[0m INFO:__main__:StatsD server listening on ('0.0.0.0', 8125)
2021-05-21T01:13:25.267749Z [STDOUT] [33mplatform-statsd_1               |[0m INFO:__main__:StatsD buffer size: 4096
2021-05-21T01:13:25.267803Z [STDOUT] [33mplatform-statsd_1               |[0m INFO:__main__:StatsD API starting on port 8088
2021-05-21T01:13:25.267886Z [STDOUT] [33mplatform-statsd_1               |[0m DEBUG:asyncio:Using selector: EpollSelector
2021-05-21T01:13:25.487783Z [STDOUT] [36mmicroservice_1                  |[0m 
2021-05-21T01:13:25.487881Z [STDOUT] [36mmicroservice_1                  |[0m > jira@0.0.1 start
2021-05-21T01:13:25.487919Z [STDOUT] [36mmicroservice_1                  |[0m > node --no-deprecation ./lib/run.js
2021-05-21T01:13:25.488005Z [STDOUT] [36mmicroservice_1                  |[0m 
2021-05-21T01:13:26.829538Z [STDOUT] [36mmicroservice_1                  |[0m 01:13:26.852Z  WARN probot: No Hydro Base URL set, disabling tracking
2021-05-21T01:13:27.111624Z [STDOUT] [36mmicroservice_1                  |[0m 01:13:27.136Z  INFO probot: Forwarding https://strange-badger-31.loca.lt/github/events to http://localhost:4002/
2021-05-21T01:13:27.112875Z [STDOUT] [36mmicroservice_1                  |[0m 01:13:27.138Z  INFO probot: Listening on http://localhost:4002
2021-05-21T01:13:27.118427Z [STDOUT] [36mmicroservice_1                  |[0m (node:19) Warning: Accessing non-existent property 'processPush' of module exports inside circular dependency
2021-05-21T01:13:27.118506Z [STDOUT] [36mmicroservice_1                  |[0m (Use `node --trace-warnings ...` to show where the warning was created)
2021-05-21T01:13:28.042708Z [STDOUT] [36mmicroservice_1                  |[0m 01:13:28.068Z ERROR probot:  (type=error, status=404)
2021-05-21T01:14:25.675382Z [STDERR] Stopping github-for-jira-default-04c7fb1f_microservice_1                 ... 
2021-05-21T01:14:25.675503Z [STDERR] Stopping github-for-jira-default-04c7fb1f_platform-statsd_1              ... 
2021-05-21T01:14:25.675545Z [STDERR] Stopping github-for-jira-default-04c7fb1f_nebulae.postgres-db.database_1 ... 
2021-05-21T01:14:25.675580Z [STDERR] Stopping github-for-jira-default-04c7fb1f_nebulae.redis.cache_1          ... 
2021-05-21T01:14:26.937711Z [STDERR] Stopping github-for-jira-default-04c7fb1f_microservice_1                 ... done
2021-05-21T01:14:26.938354Z [STDOUT] [36mgithub-for-jira-default-04c7fb1f_microservice_1 exited with code 137
2021-05-21T01:14:26.970138Z [STDOUT] [36mnebulae.postgres-db.database_1  |[0m LOG:  received smart shutdown request
2021-05-21T01:14:26.970231Z [STDOUT] [36mnebulae.postgres-db.database_1  |[0m LOG:  autovacuum launcher shutting down
2021-05-21T01:14:26.971166Z [STDOUT] [36mnebulae.postgres-db.database_1  |[0m LOG:  shutting down
2021-05-21T01:14:26.974792Z [STDOUT] [33mnebulae.redis.cache_1           |[0m [1 | signal handler] (1621559666) Received SIGTERM scheduling shutdown...
2021-05-21T01:14:26.975894Z [STDOUT] [0m[33mplatform-statsd_1               |[0m ======== Running on http://0.0.0.0:8088 ========
2021-05-21T01:14:26.976103Z [STDOUT] [33mplatform-statsd_1               |[0m (Press CTRL+C to quit)
2021-05-21T01:14:26.997672Z [STDOUT] [36mnebulae.postgres-db.database_1  |[0m LOG:  database system is shut down
2021-05-21T01:14:28.253470Z [STDOUT] [36mgithub-for-jira-default-04c7fb1f_nebulae.postgres-db.database_1 exited with code 0
2021-05-21T01:14:28.254049Z [STDERR] Stopping github-for-jira-default-04c7fb1f_nebulae.postgres-db.database_1 ... done
2021-05-21T01:14:29.227755Z [STDERR] Stopping github-for-jira-default-04c7fb1f_nebulae.redis.cache_1          ... done
2021-05-21T01:14:29.228062Z [STDOUT] [0m[33mgithub-for-jira-default-04c7fb1f_nebulae.redis.cache_1 exited with code 137
2021-05-21T01:14:29.373361Z [STDOUT] [0m
2021-05-21T01:14:31.329589Z [STDOUT] [33mgithub-for-jira-default-04c7fb1f_platform-statsd_1 exited with code 0
2021-05-21T01:14:31.329627Z [STDERR] Stopping github-for-jira-default-04c7fb1f_platform-statsd_1              ... done
2021-05-21T01:14:31.395533Z [STDERR] Removing github-for-jira-default-04c7fb1f_microservice_1                 ... 
2021-05-21T01:14:31.395636Z [STDERR] Removing github-for-jira-default-04c7fb1f_platform-statsd_1              ... 
2021-05-21T01:14:31.395667Z [STDERR] Removing github-for-jira-default-04c7fb1f_nebulae.postgres-db.database_1 ... 
2021-05-21T01:14:31.395695Z [STDERR] Removing github-for-jira-default-04c7fb1f_nebulae.redis.cache_1          ... 
2021-05-21T01:14:31.418882Z [STDERR] Removing github-for-jira-default-04c7fb1f_platform-statsd_1              ... done
2021-05-21T01:14:31.421045Z [STDERR] Removing github-for-jira-default-04c7fb1f_nebulae.redis.cache_1          ... done
2021-05-21T01:14:31.423563Z [STDERR] Removing github-for-jira-default-04c7fb1f_microservice_1                 ... done
2021-05-21T01:14:31.426850Z [STDERR] Removing github-for-jira-default-04c7fb1f_nebulae.postgres-db.database_1 ... done
2021-05-21T01:14:31.427089Z [STDERR] Removing network github-for-jira-default-04c7fb1f_default
2021-05-21T01:14:31.486009Z [STDOUT] [0m
